13	x:[-0.81286779 -0.370679  ]	y:-1	a:2.00019335526
27	x:[-1.55739627  0.26739258]	y:-1	a:10.0
28	x:[ 0.5110862  -1.26249195]	y:-1	a:1.93752795521
29	x:[-1.11624072 -0.08421401]	y:-1	a:10.0
30	x:[-0.94236171 -0.54182226]	y:-1	a:10.0
35	x:[-1.33104142  0.24466952]	y:-1	a:9.0604539672
41	x:[-1.29646885 -0.32756152]	y:-1	a:10.0
43	x:[-1.37873698 -0.42120514]	y:-1	a:10.0
59	x:[-1.29066965 -0.11642525]	y:1	a:10.0
68	x:[-0.51938325 -1.19135169]	y:1	a:6.71456224266
105	x:[-1.25762518 -0.179137  ]	y:1	a:10.0
111	x:[-1.38766825 -0.20403099]	y:1	a:10.0
117	x:[-1.66193495  0.2420384 ]	y:1	a:10.0
128	x:[-1.4431026  -0.14380129]	y:1	a:3.03704383493
146	x:[-1.16885347 -0.1645025 ]	y:1	a:10.0
----------------------------------------
Iterations: 666
Number of Support Vectors: 15
Weight vector (w): [ 0.06982186 -0.61187959]
Bias (b): -3.24656920008
